INFO Server started at 10:00AM
WARNING Disk space low
ERROR Failed to connect to database
INFO User login successful
ERROR Timeout occurred
INFO Scheduled job 'Backup' started
INFO Scheduled job 'Backup' completed successfully
WARNING CPU usage high: 92%
INFO User 'admin' logged out
ERROR Unauthorized access attempt detected
INFO Server health check passed
INFO New user registration: user123
ERROR Database connection lost
WARNING Memory usage at 85%
INFO Reconnected to database
INFO Configuration file loaded
WARNING Deprecated API used in module 'AuthService'
ERROR File upload failed: file too large
INFO User 'john_doe' updated profile
INFO System maintenance scheduled at 02:00AM
INFO Session expired for user 'guest'
ERROR Invalid input received in form submission
INFO Cache cleared successfully
WARNING SSL certificate expires in 5 days
ERROR Failed to send email notification
INFO Restarting web server
INFO Web server started on port 8080
WARNING Multiple failed login attempts detected
ERROR Payment processing failed for transaction #TX987654
INFO Security scan completed with 0 vulnerabilities
INFO Logs archived to /var/log/archive/server-2025-05-07.log
